estudos/termux_api_21/logs/manifest-merger-release-report.txt
-- Merging decision tree log ---
manifest
ADDED from src/main/AndroidManifest.xml:1:1-93:12
	package
		ADDED from src/main/AndroidManifest.xml:2:5-25
		INJECTED from src/main/AndroidManifest.xml
		INJECTED from src/main/AndroidManifest.xml
	android:sharedUserId
		ADDED from src/main/AndroidManifest.xml:4:5-38
	android:sharedUserLabel
		ADDED from src/main/AndroidManifest.xml:5:5-56
	android:versionName
		INJECTED from src/main/AndroidManifest.xml
		INJECTED from src/main/AndroidManifest.xml
	xmlns:android
		ADDED from src/main/AndroidManifest.xml:1:11-69
	android:versionCode
		INJECTED from src/main/AndroidManifest.xml
		INJECTED from src/main/AndroidManifest.xml
	android:installLocation
		ADDED from src/main/AndroidManifest.xml:3:5-43
uses-feature#android.hardware.touchscreen
ADDED from src/main/AndroidManifest.xml:7:5-90
	android:required
		ADDED from src/main/AndroidManifest.xml:7:63-87
	android:name
		ADDED from src/main/AndroidManifest.xml:7:19-62
uses-feature#android.software.leanback
ADDED from src/main/AndroidManifest.xml:8:5-87
	android:required
		ADDED from src/main/AndroidManifest.xml:8:60-84
	android:name
		ADDED from src/main/AndroidManifest.xml:8:19-59
uses-permission#android.permission.INTERNET
ADDED from src/main/AndroidManifest.xml:10:5-67
	android:name
		ADDED from src/main/AndroidManifest.xml:10:22-64
uses-permission#android.permission.WRITE_EXTERNAL_STORAGE
ADDED from src/main/AndroidManifest.xml:11:5-81
	android:name
		ADDED from src/main/AndroidManifest.xml:11:22-78
uses-permission#android.permission.WAKE_LOCK
ADDED from src/main/AndroidManifest.xml:12:5-68
	android:name
		ADDED from src/main/AndroidManifest.xml:12:22-65
uses-permission#android.permission.VIBRATE
ADDED from src/main/AndroidManifest.xml:13:5-66
	android:name
		ADDED from src/main/AndroidManifest.xml:13:22-63
application
ADDED from src/main/AndroidManifest.xml:15:5-91:19
	android:label
		ADDED from src/main/AndroidManifest.xml:20:9-49
	android:supportsRtl
		ADDED from src/main/AndroidManifest.xml:22:9-36
	android:fullBackupContent
		ADDED from src/main/AndroidManifest.xml:17:9-54
	android:allowBackup
		ADDED from src/main/AndroidManifest.xml:16:9-35
	android:icon
		ADDED from src/main/AndroidManifest.xml:18:9-45
	android:banner
		ADDED from src/main/AndroidManifest.xml:19:9-42
	android:theme
		ADDED from src/main/AndroidManifest.xml:21:9-44
activity#com.termux.app.TermuxActivity
ADDED from src/main/AndroidManifest.xml:24:9-37:20
	android:launchMode
		ADDED from src/main/AndroidManifest.xml:27:13-44
	android:windowSoftInputMode
		ADDED from src/main/AndroidManifest.xml:28:13-74
	android:configChanges
		ADDED from src/main/AndroidManifest.xml:26:13-83
	android:name
		ADDED from src/main/AndroidManifest.xml:25:13-57
intent-filter#android.intent.action.MAIN+android.intent.category.LAUNCHER
ADDED from src/main/AndroidManifest.xml:29:13-32:29
action#android.intent.action.MAIN
ADDED from src/main/AndroidManifest.xml:30:17-69
	android:name
		ADDED from src/main/AndroidManifest.xml:30:25-66
category#android.intent.category.LAUNCHER
ADDED from src/main/AndroidManifest.xml:31:17-77
	android:name
		ADDED from src/main/AndroidManifest.xml:31:27-74
intent-filter#android.intent.action.MAIN+android.intent.category.LEANBACK_LAUNCHER
ADDED from src/main/AndroidManifest.xml:33:13-36:29
category#android.intent.category.LEANBACK_LAUNCHER
ADDED from src/main/AndroidManifest.xml:35:17-86
	android:name
		ADDED from src/main/AndroidManifest.xml:35:27-83
activity#com.termux.app.TermuxHelpActivity
ADDED from src/main/AndroidManifest.xml:39:9-44:56
	android:label
		ADDED from src/main/AndroidManifest.xml:44:13-53
	android:parentActivityName
		ADDED from src/main/AndroidManifest.xml:43:13-61
	android:exported
		ADDED from src/main/AndroidManifest.xml:41:13-37
	android:theme
		ADDED from src/main/AndroidManifest.xml:42:13-78
	android:name
		ADDED from src/main/AndroidManifest.xml:40:13-61
activity#com.termux.filepicker.TermuxFileReceiverActivity
ADDED from src/main/AndroidManifest.xml:46:9-74:20
	android:label
		ADDED from src/main/AndroidManifest.xml:48:13-53
	android:excludeFromRecents
		ADDED from src/main/AndroidManifest.xml:50:13-46
	android:noHistory
		ADDED from src/main/AndroidManifest.xml:51:13-37
	android:taskAffinity
		ADDED from src/main/AndroidManifest.xml:49:13-59
	android:name
		ADDED from src/main/AndroidManifest.xml:47:13-76
intent-filter#android.intent.action.SEND+android.intent.category.DEFAULT
ADDED from src/main/AndroidManifest.xml:53:13-63:29
action#android.intent.action.SEND
ADDED from src/main/AndroidManifest.xml:54:17-68
	android:name
		ADDED from src/main/AndroidManifest.xml:54:25-66
category#android.intent.category.DEFAULT
ADDED from src/main/AndroidManifest.xml:55:17-76
	android:name
		ADDED from src/main/AndroidManifest.xml:55:27-73
data
ADDED from src/main/AndroidManifest.xml:56:17-58
	android:mimeType
		ADDED from src/main/AndroidManifest.xml:56:23-55
intent-filter#android.intent.action.VIEW+android.intent.category.DEFAULT
ADDED from src/main/AndroidManifest.xml:65:13-73:29
action#android.intent.action.VIEW
ADDED from src/main/AndroidManifest.xml:66:17-68
	android:name
		ADDED from src/main/AndroidManifest.xml:66:25-66
provider#com.termux.filepicker.TermuxDocumentsProvider
ADDED from src/main/AndroidManifest.xml:76:9-85:20
	android:authorities
		ADDED from src/main/AndroidManifest.xml:78:13-55
	android:grantUriPermissions
		ADDED from src/main/AndroidManifest.xml:79:13-47
	android:exported
		ADDED from src/main/AndroidManifest.xml:80:13-36
	android:permission
		ADDED from src/main/AndroidManifest.xml:81:13-69
	android:name
		ADDED from src/main/AndroidManifest.xml:77:13-63
intent-filter#android.content.action.DOCUMENTS_PROVIDER
ADDED from src/main/AndroidManifest.xml:82:13-84:29
action#android.content.action.DOCUMENTS_PROVIDER
ADDED from src/main/AndroidManifest.xml:83:17-84
	android:name
		ADDED from src/main/AndroidManifest.xml:83:25-81
service#com.termux.app.TermuxService
ADDED from src/main/AndroidManifest.xml:87:9-89:40
	android:exported
		ADDED from src/main/AndroidManifest.xml:89:13-37
	android:name
		ADDED from src/main/AndroidManifest.xml:88:13-56
uses-sdk
INJECTED from src/main/AndroidManifest.xml reason: use-sdk injection requested
	android:targetSdkVersion
		INJECTED from src/main/AndroidManifest.xml
		INJECTED from src/main/AndroidManifest.xml
	android:minSdkVersion
		INJECTED from src/main/AndroidManifest.xml
		INJECTED from src/main/AndroidManifest.xml